<?xml version="1.0" encoding="UTF-8"?>
<testsuites name="TS_Smoke_XYZApp" time="19" tests="3" failures="1" errors="0">
   <testsuite name="TS_Smoke_XYZApp" tests="3" failures="1" errors="0" time="19" timestamp="2019-03-04 13:14:28" hostname="whayes - cvg-000211M-090.ga.afginc.com" id="Test Suites/Suite_SmokeTest_App1/TS_Smoke_XYZApp">
      <properties>
         <property name="deviceName" value=""/>
         <property name="devicePlatform" value=""/>
         <property name="logFolder" value="C:\\Users\\whayes\\Desktop\\WHLocal\\KatalonLocalProjects\\DemoForEval\\Reports\\Suite_SmokeTest_App1\\TS_Smoke_XYZApp\\20190304_131426"/>
         <property name="logFiles" value="C:\\Users\\whayes\\Desktop\\WHLocal\\KatalonLocalProjects\\DemoForEval\\Reports\\Suite_SmokeTest_App1\\TS_Smoke_XYZApp\\20190304_131426\\execution0.log"/>
         <property name="attachments" value=""/>
         <property name="hostName" value="whayes - cvg-000211M-090.ga.afginc.com"/>
         <property name="os" value="Windows 10 64bit"/>
         <property name="katalonVersion" value="6.0.5.4"/>
         <property name="browser" value="Chrome 72.0.3626.81"/>
         <property name="hostAddress" value="10.103.40.86"/>
         <property name="sessionId" value="af3ce4c4b5dde754cdb4af4f994eda74"/>
         <property name="seleniumVersion" value="3.7.1"/>
         <property name="proxyInformation" value="ProxyInformation{proxyOption=NO_PROXY, proxyServerType=HTTP, password=, proxyServerAddress=, proxyServerPort=0}"/>
         <property name="platform" value="Windows 10"/>
      </properties>
      <testcase name="Test Cases/API Testing/USER_API_TESTING/SglUserDetails_ForceFailure" classname="Test Cases/API Testing/USER_API_TESTING/SglUserDetails_ForceFailure" status="PASSED">
         <system-out><![CDATA[2019-03-04 13:14:28 - [TEST_CASE][PASSED] - Test Cases/API Testing/USER_API_TESTING/SglUserDetails_ForceFailure: Test Cases/API Testing/USER_API_TESTING/SglUserDetails_ForceFailure

2019-03-04 13:14:28 - [TEST_STEP][PASSED] - apiUD_Response = sendRequest(findTestObject("WS_Objects/RESTAPI_GET_SingleUser")): Send request successfully

2019-03-04 13:14:30 - [MESSAGE][INFO] - HAR: C:\Users\whayes\Desktop\WHLocal\KatalonLocalProjects\DemoForEval\Reports\Suite_SmokeTest_App1\TS_Smoke_XYZApp\20190304_131426\requests\main\0.har

2019-03-04 13:14:31 - [MESSAGE][PASSED] - Send request successfully

2019-03-04 13:14:31 - [TEST_STEP][PASSED] - verifyResponseStatusCode(apiUD_Response, 200): Verify response status code successfully

2019-03-04 13:14:31 - [MESSAGE][PASSED] - Verify response status code successfully

2019-03-04 13:14:31 - [TEST_STEP][PASSED] - verifyElementPropertyValue(apiUD_Response, "data.first_name", "Janet"): Verify element property value successfully

2019-03-04 13:14:31 - [MESSAGE][PASSED] - Verify element property value successfully]]></system-out>
         <system-err><![CDATA[]]></system-err>
      </testcase>
      <testcase name="Test Cases/API Testing/USER_API_TESTING/SingleUserDetails" classname="Test Cases/API Testing/USER_API_TESTING/SingleUserDetails" status="FAILED">
         <failure type="FAILED" message="Test Cases/API Testing/USER_API_TESTING/SingleUserDetails FAILED.
Reason:
com.kms.katalon.core.exception.StepFailedException: Expected element property value 'Wanda' is not equal with actual property value 'Janet'
	at com.kms.katalon.core.keyword.internal.KeywordMain.stepFailed(KeywordMain.groovy:48)
	at com.kms.katalon.core.webservice.keyword.builtin.VerifyElementPropertyValueKeyword$_verifyElementPropertyValue_closure1.doCall(VerifyElementPropertyValueKeyword.groovy:56)
	at com.kms.katalon.core.webservice.keyword.builtin.VerifyElementPropertyValueKeyword$_verifyElementPropertyValue_closure1.call(VerifyElementPropertyValueKeyword.groovy)
	at com.kms.katalon.core.keyword.internal.KeywordMain.runKeyword(KeywordMain.groovy:66)
	at com.kms.katalon.core.webservice.keyword.builtin.VerifyElementPropertyValueKeyword.verifyElementPropertyValue(VerifyElementPropertyValueKeyword.groovy:48)
	at com.kms.katalon.core.webservice.keyword.builtin.VerifyElementPropertyValueKeyword.execute(VerifyElementPropertyValueKeyword.groovy:43)
	at com.kms.katalon.core.keyword.internal.KeywordExecutor.executeKeywordForPlatform(KeywordExecutor.groovy:56)
	at com.kms.katalon.core.webservice.keyword.WSBuiltInKeywords.verifyElementPropertyValue(WSBuiltInKeywords.groovy:123)
	at com.kms.katalon.core.webservice.keyword.WSBuiltInKeywords$verifyElementPropertyValue$1.call(Unknown Source)
	at SingleUserDetails.run(SingleUserDetails:20)
	at com.kms.katalon.core.main.ScriptEngine.run(ScriptEngine.java:194)
	at com.kms.katalon.core.main.ScriptEngine.runScriptAsRawText(ScriptEngine.java:119)
	at com.kms.katalon.core.main.TestCaseExecutor.runScript(TestCaseExecutor.java:331)
	at com.kms.katalon.core.main.TestCaseExecutor.doExecute(TestCaseExecutor.java:322)
	at com.kms.katalon.core.main.TestCaseExecutor.processExecutionPhase(TestCaseExecutor.java:301)
	at com.kms.katalon.core.main.TestCaseExecutor.accessMainPhase(TestCaseExecutor.java:293)
	at com.kms.katalon.core.main.TestCaseExecutor.execute(TestCaseExecutor.java:227)
	at com.kms.katalon.core.main.TestSuiteExecutor.accessTestCaseMainPhase(TestSuiteExecutor.java:129)
	at com.kms.katalon.core.main.TestSuiteExecutor.accessTestSuiteMainPhase(TestSuiteExecutor.java:112)
	at com.kms.katalon.core.main.TestSuiteExecutor.execute(TestSuiteExecutor.java:81)
	at com.kms.katalon.core.main.TestCaseMain.startTestSuite(TestCaseMain.java:157)
	at com.kms.katalon.core.main.TestCaseMain$startTestSuite$0.call(Unknown Source)
	at TempTestSuite1551723266541.run(TempTestSuite1551723266541.groovy:35)
"/>
         <system-out><![CDATA[2019-03-04 13:14:31 - [TEST_CASE][FAILED] - Test Cases/API Testing/USER_API_TESTING/SingleUserDetails: Test Cases/API Testing/USER_API_TESTING/SingleUserDetails FAILED.
Reason:
com.kms.katalon.core.exception.StepFailedException: Expected element property value 'Wanda' is not equal with actual property value 'Janet'
	at com.kms.katalon.core.keyword.internal.KeywordMain.stepFailed(KeywordMain.groovy:48)
	at com.kms.katalon.core.webservice.keyword.builtin.VerifyElementPropertyValueKeyword$_verifyElementPropertyValue_closure1.doCall(VerifyElementPropertyValueKeyword.groovy:56)
	at com.kms.katalon.core.webservice.keyword.builtin.VerifyElementPropertyValueKeyword$_verifyElementPropertyValue_closure1.call(VerifyElementPropertyValueKeyword.groovy)
	at com.kms.katalon.core.keyword.internal.KeywordMain.runKeyword(KeywordMain.groovy:66)
	at com.kms.katalon.core.webservice.keyword.builtin.VerifyElementPropertyValueKeyword.verifyElementPropertyValue(VerifyElementPropertyValueKeyword.groovy:48)
	at com.kms.katalon.core.webservice.keyword.builtin.VerifyElementPropertyValueKeyword.execute(VerifyElementPropertyValueKeyword.groovy:43)
	at com.kms.katalon.core.keyword.internal.KeywordExecutor.executeKeywordForPlatform(KeywordExecutor.groovy:56)
	at com.kms.katalon.core.webservice.keyword.WSBuiltInKeywords.verifyElementPropertyValue(WSBuiltInKeywords.groovy:123)
	at com.kms.katalon.core.webservice.keyword.WSBuiltInKeywords$verifyElementPropertyValue$1.call(Unknown Source)
	at SingleUserDetails.run(SingleUserDetails:20)
	at com.kms.katalon.core.main.ScriptEngine.run(ScriptEngine.java:194)
	at com.kms.katalon.core.main.ScriptEngine.runScriptAsRawText(ScriptEngine.java:119)
	at com.kms.katalon.core.main.TestCaseExecutor.runScript(TestCaseExecutor.java:331)
	at com.kms.katalon.core.main.TestCaseExecutor.doExecute(TestCaseExecutor.java:322)
	at com.kms.katalon.core.main.TestCaseExecutor.processExecutionPhase(TestCaseExecutor.java:301)
	at com.kms.katalon.core.main.TestCaseExecutor.accessMainPhase(TestCaseExecutor.java:293)
	at com.kms.katalon.core.main.TestCaseExecutor.execute(TestCaseExecutor.java:227)
	at com.kms.katalon.core.main.TestSuiteExecutor.accessTestCaseMainPhase(TestSuiteExecutor.java:129)
	at com.kms.katalon.core.main.TestSuiteExecutor.accessTestSuiteMainPhase(TestSuiteExecutor.java:112)
	at com.kms.katalon.core.main.TestSuiteExecutor.execute(TestSuiteExecutor.java:81)
	at com.kms.katalon.core.main.TestCaseMain.startTestSuite(TestCaseMain.java:157)
	at com.kms.katalon.core.main.TestCaseMain$startTestSuite$0.call(Unknown Source)
	at TempTestSuite1551723266541.run(TempTestSuite1551723266541.groovy:35)


2019-03-04 13:14:31 - [TEST_STEP][PASSED] - apiUD_Response = sendRequest(findTestObject("WS_Objects/RESTAPI_GET_SingleUser")): Send request successfully

2019-03-04 13:14:31 - [MESSAGE][INFO] - HAR: C:\Users\whayes\Desktop\WHLocal\KatalonLocalProjects\DemoForEval\Reports\Suite_SmokeTest_App1\TS_Smoke_XYZApp\20190304_131426\requests\main\1.har

2019-03-04 13:14:31 - [MESSAGE][PASSED] - Send request successfully

2019-03-04 13:14:31 - [TEST_STEP][PASSED] - verifyResponseStatusCode(apiUD_Response, 200): Verify response status code successfully

2019-03-04 13:14:31 - [MESSAGE][PASSED] - Verify response status code successfully

2019-03-04 13:14:31 - [TEST_STEP][FAILED] - verifyElementPropertyValue(apiUD_Response, "data.first_name", "Wanda"): verifyElementPropertyValue(apiUD_Response, "data.first_name", "Wanda") FAILED.
Reason:
com.kms.katalon.core.exception.StepFailedException: Expected element property value 'Wanda' is not equal with actual property value 'Janet'
	at com.kms.katalon.core.keyword.internal.KeywordMain.stepFailed(KeywordMain.groovy:48)
	at com.kms.katalon.core.webservice.keyword.builtin.VerifyElementPropertyValueKeyword$_verifyElementPropertyValue_closure1.doCall(VerifyElementPropertyValueKeyword.groovy:56)
	at com.kms.katalon.core.webservice.keyword.builtin.VerifyElementPropertyValueKeyword$_verifyElementPropertyValue_closure1.call(VerifyElementPropertyValueKeyword.groovy)
	at com.kms.katalon.core.keyword.internal.KeywordMain.runKeyword(KeywordMain.groovy:66)
	at com.kms.katalon.core.webservice.keyword.builtin.VerifyElementPropertyValueKeyword.verifyElementPropertyValue(VerifyElementPropertyValueKeyword.groovy:48)
	at com.kms.katalon.core.webservice.keyword.builtin.VerifyElementPropertyValueKeyword.execute(VerifyElementPropertyValueKeyword.groovy:43)
	at com.kms.katalon.core.keyword.internal.KeywordExecutor.executeKeywordForPlatform(KeywordExecutor.groovy:56)
	at com.kms.katalon.core.webservice.keyword.WSBuiltInKeywords.verifyElementPropertyValue(WSBuiltInKeywords.groovy:123)
	at com.kms.katalon.core.webservice.keyword.WSBuiltInKeywords$verifyElementPropertyValue$1.call(Unknown Source)
	at SingleUserDetails.run(SingleUserDetails:20)
	at com.kms.katalon.core.main.ScriptEngine.run(ScriptEngine.java:194)
	at com.kms.katalon.core.main.ScriptEngine.runScriptAsRawText(ScriptEngine.java:119)
	at com.kms.katalon.core.main.TestCaseExecutor.runScript(TestCaseExecutor.java:331)
	at com.kms.katalon.core.main.TestCaseExecutor.doExecute(TestCaseExecutor.java:322)
	at com.kms.katalon.core.main.TestCaseExecutor.processExecutionPhase(TestCaseExecutor.java:301)
	at com.kms.katalon.core.main.TestCaseExecutor.accessMainPhase(TestCaseExecutor.java:293)
	at com.kms.katalon.core.main.TestCaseExecutor.execute(TestCaseExecutor.java:227)
	at com.kms.katalon.core.main.TestSuiteExecutor.accessTestCaseMainPhase(TestSuiteExecutor.java:129)
	at com.kms.katalon.core.main.TestSuiteExecutor.accessTestSuiteMainPhase(TestSuiteExecutor.java:112)
	at com.kms.katalon.core.main.TestSuiteExecutor.execute(TestSuiteExecutor.java:81)
	at com.kms.katalon.core.main.TestCaseMain.startTestSuite(TestCaseMain.java:157)
	at com.kms.katalon.core.main.TestCaseMain$startTestSuite$0.call(Unknown Source)
	at TempTestSuite1551723266541.run(TempTestSuite1551723266541.groovy:35)


2019-03-04 13:14:31 - [MESSAGE][FAILED] - Expected element property value 'Wanda' is not equal with actual property value 'Janet'

2019-03-04 13:14:31 - [MESSAGE][FAILED] - Unable to verify element property value (Root cause: com.kms.katalon.core.exception.StepFailedException: Expected element property value 'Wanda' is not equal with actual property value 'Janet'
	at com.kms.katalon.core.keyword.internal.KeywordMain.stepFailed(KeywordMain.groovy:48)
	at com.kms.katalon.core.webservice.keyword.builtin.VerifyElementPropertyValueKeyword$_verifyElementPropertyValue_closure1.doCall(VerifyElementPropertyValueKeyword.groovy:56)
	at com.kms.katalon.core.webservice.keyword.builtin.VerifyElementPropertyValueKeyword$_verifyElementPropertyValue_closure1.call(VerifyElementPropertyValueKeyword.groovy)
	at com.kms.katalon.core.keyword.internal.KeywordMain.runKeyword(KeywordMain.groovy:66)
	at com.kms.katalon.core.webservice.keyword.builtin.VerifyElementPropertyValueKeyword.verifyElementPropertyValue(VerifyElementPropertyValueKeyword.groovy:48)
	at com.kms.katalon.core.webservice.keyword.builtin.VerifyElementPropertyValueKeyword.execute(VerifyElementPropertyValueKeyword.groovy:43)
	at com.kms.katalon.core.keyword.internal.KeywordExecutor.executeKeywordForPlatform(KeywordExecutor.groovy:56)
	at com.kms.katalon.core.webservice.keyword.WSBuiltInKeywords.verifyElementPropertyValue(WSBuiltInKeywords.groovy:123)
	at com.kms.katalon.core.webservice.keyword.WSBuiltInKeywords$verifyElementPropertyValue$1.call(Unknown Source)
	at SingleUserDetails.run(SingleUserDetails:20)
	at com.kms.katalon.core.main.ScriptEngine.run(ScriptEngine.java:194)
	at com.kms.katalon.core.main.ScriptEngine.runScriptAsRawText(ScriptEngine.java:119)
	at com.kms.katalon.core.main.TestCaseExecutor.runScript(TestCaseExecutor.java:331)
	at com.kms.katalon.core.main.TestCaseExecutor.doExecute(TestCaseExecutor.java:322)
	at com.kms.katalon.core.main.TestCaseExecutor.processExecutionPhase(TestCaseExecutor.java:301)
	at com.kms.katalon.core.main.TestCaseExecutor.accessMainPhase(TestCaseExecutor.java:293)
	at com.kms.katalon.core.main.TestCaseExecutor.execute(TestCaseExecutor.java:227)
	at com.kms.katalon.core.main.TestSuiteExecutor.accessTestCaseMainPhase(TestSuiteExecutor.java:129)
	at com.kms.katalon.core.main.TestSuiteExecutor.accessTestSuiteMainPhase(TestSuiteExecutor.java:112)
	at com.kms.katalon.core.main.TestSuiteExecutor.execute(TestSuiteExecutor.java:81)
	at com.kms.katalon.core.main.TestCaseMain.startTestSuite(TestCaseMain.java:157)
	at com.kms.katalon.core.main.TestCaseMain$startTestSuite$0.call(Unknown Source)
	at TempTestSuite1551723266541.run(TempTestSuite1551723266541.groovy:35)
)

2019-03-04 13:14:31 - [MESSAGE][FAILED] - verifyElementPropertyValue(apiUD_Response, "data.first_name", "Wanda") FAILED.
Reason:
com.kms.katalon.core.exception.StepFailedException: Expected element property value 'Wanda' is not equal with actual property value 'Janet'
	at com.kms.katalon.core.keyword.internal.KeywordMain.stepFailed(KeywordMain.groovy:48)
	at com.kms.katalon.core.webservice.keyword.builtin.VerifyElementPropertyValueKeyword$_verifyElementPropertyValue_closure1.doCall(VerifyElementPropertyValueKeyword.groovy:56)
	at com.kms.katalon.core.webservice.keyword.builtin.VerifyElementPropertyValueKeyword$_verifyElementPropertyValue_closure1.call(VerifyElementPropertyValueKeyword.groovy)
	at com.kms.katalon.core.keyword.internal.KeywordMain.runKeyword(KeywordMain.groovy:66)
	at com.kms.katalon.core.webservice.keyword.builtin.VerifyElementPropertyValueKeyword.verifyElementPropertyValue(VerifyElementPropertyValueKeyword.groovy:48)
	at com.kms.katalon.core.webservice.keyword.builtin.VerifyElementPropertyValueKeyword.execute(VerifyElementPropertyValueKeyword.groovy:43)
	at com.kms.katalon.core.keyword.internal.KeywordExecutor.executeKeywordForPlatform(KeywordExecutor.groovy:56)
	at com.kms.katalon.core.webservice.keyword.WSBuiltInKeywords.verifyElementPropertyValue(WSBuiltInKeywords.groovy:123)
	at com.kms.katalon.core.webservice.keyword.WSBuiltInKeywords$verifyElementPropertyValue$1.call(Unknown Source)
	at SingleUserDetails.run(SingleUserDetails:20)
	at com.kms.katalon.core.main.ScriptEngine.run(ScriptEngine.java:194)
	at com.kms.katalon.core.main.ScriptEngine.runScriptAsRawText(ScriptEngine.java:119)
	at com.kms.katalon.core.main.TestCaseExecutor.runScript(TestCaseExecutor.java:331)
	at com.kms.katalon.core.main.TestCaseExecutor.doExecute(TestCaseExecutor.java:322)
	at com.kms.katalon.core.main.TestCaseExecutor.processExecutionPhase(TestCaseExecutor.java:301)
	at com.kms.katalon.core.main.TestCaseExecutor.accessMainPhase(TestCaseExecutor.java:293)
	at com.kms.katalon.core.main.TestCaseExecutor.execute(TestCaseExecutor.java:227)
	at com.kms.katalon.core.main.TestSuiteExecutor.accessTestCaseMainPhase(TestSuiteExecutor.java:129)
	at com.kms.katalon.core.main.TestSuiteExecutor.accessTestSuiteMainPhase(TestSuiteExecutor.java:112)
	at com.kms.katalon.core.main.TestSuiteExecutor.execute(TestSuiteExecutor.java:81)
	at com.kms.katalon.core.main.TestCaseMain.startTestSuite(TestCaseMain.java:157)
	at com.kms.katalon.core.main.TestCaseMain$startTestSuite$0.call(Unknown Source)
	at TempTestSuite1551723266541.run(TempTestSuite1551723266541.groovy:35)]]></system-out>
         <system-err><![CDATA[2019-03-04 13:14:31 - [TEST_CASE][FAILED] - Test Cases/API Testing/USER_API_TESTING/SingleUserDetails: Test Cases/API Testing/USER_API_TESTING/SingleUserDetails FAILED.
Reason:
com.kms.katalon.core.exception.StepFailedException: Expected element property value 'Wanda' is not equal with actual property value 'Janet'
	at com.kms.katalon.core.keyword.internal.KeywordMain.stepFailed(KeywordMain.groovy:48)
	at com.kms.katalon.core.webservice.keyword.builtin.VerifyElementPropertyValueKeyword$_verifyElementPropertyValue_closure1.doCall(VerifyElementPropertyValueKeyword.groovy:56)
	at com.kms.katalon.core.webservice.keyword.builtin.VerifyElementPropertyValueKeyword$_verifyElementPropertyValue_closure1.call(VerifyElementPropertyValueKeyword.groovy)
	at com.kms.katalon.core.keyword.internal.KeywordMain.runKeyword(KeywordMain.groovy:66)
	at com.kms.katalon.core.webservice.keyword.builtin.VerifyElementPropertyValueKeyword.verifyElementPropertyValue(VerifyElementPropertyValueKeyword.groovy:48)
	at com.kms.katalon.core.webservice.keyword.builtin.VerifyElementPropertyValueKeyword.execute(VerifyElementPropertyValueKeyword.groovy:43)
	at com.kms.katalon.core.keyword.internal.KeywordExecutor.executeKeywordForPlatform(KeywordExecutor.groovy:56)
	at com.kms.katalon.core.webservice.keyword.WSBuiltInKeywords.verifyElementPropertyValue(WSBuiltInKeywords.groovy:123)
	at com.kms.katalon.core.webservice.keyword.WSBuiltInKeywords$verifyElementPropertyValue$1.call(Unknown Source)
	at SingleUserDetails.run(SingleUserDetails:20)
	at com.kms.katalon.core.main.ScriptEngine.run(ScriptEngine.java:194)
	at com.kms.katalon.core.main.ScriptEngine.runScriptAsRawText(ScriptEngine.java:119)
	at com.kms.katalon.core.main.TestCaseExecutor.runScript(TestCaseExecutor.java:331)
	at com.kms.katalon.core.main.TestCaseExecutor.doExecute(TestCaseExecutor.java:322)
	at com.kms.katalon.core.main.TestCaseExecutor.processExecutionPhase(TestCaseExecutor.java:301)
	at com.kms.katalon.core.main.TestCaseExecutor.accessMainPhase(TestCaseExecutor.java:293)
	at com.kms.katalon.core.main.TestCaseExecutor.execute(TestCaseExecutor.java:227)
	at com.kms.katalon.core.main.TestSuiteExecutor.accessTestCaseMainPhase(TestSuiteExecutor.java:129)
	at com.kms.katalon.core.main.TestSuiteExecutor.accessTestSuiteMainPhase(TestSuiteExecutor.java:112)
	at com.kms.katalon.core.main.TestSuiteExecutor.execute(TestSuiteExecutor.java:81)
	at com.kms.katalon.core.main.TestCaseMain.startTestSuite(TestCaseMain.java:157)
	at com.kms.katalon.core.main.TestCaseMain$startTestSuite$0.call(Unknown Source)
	at TempTestSuite1551723266541.run(TempTestSuite1551723266541.groovy:35)]]></system-err>
      </testcase>
      <testcase name="Test Cases/WEBUI_Demo/_DemoEval/AppX/Search/TC_GoogleSearch" classname="Test Cases/WEBUI_Demo/_DemoEval/AppX/Search/TC_GoogleSearch" status="PASSED">
         <system-out><![CDATA[2019-03-04 13:14:31 - [TEST_CASE][PASSED] - Test Cases/WEBUI_Demo/_DemoEval/AppX/Search/TC_GoogleSearch: Test Cases/WEBUI_Demo/_DemoEval/AppX/Search/TC_GoogleSearch

2019-03-04 13:14:32 - [TEST_STEP][PASSED] - openBrowser(""): Browser is opened with url: ''

2019-03-04 13:14:32 - [MESSAGE][INFO] - Starting 'Chrome' driver

2019-03-04 13:14:32 - [MESSAGE][INFO] - Action delay is set to 0 seconds

2019-03-04 13:14:33 - [MESSAGE][PASSED] - Browser is opened with url: ''

2019-03-04 13:14:33 - [TEST_STEP][PASSED] - navigateToUrl("https://www.google.com/?gws_rd=ssl"): Navigate to 'https://www.google.com/?gws_rd=ssl' successfully

2019-03-04 13:14:35 - [MESSAGE][PASSED] - Navigate to 'https://www.google.com/?gws_rd=ssl' successfully

2019-03-04 13:14:35 - [TEST_STEP][PASSED] - setText(findTestObject("Object Repository/Page_Google/input_Sign in_q"), "testingsearch "): Text 'testingsearch ' is set on object 'Object Repository/Page_Google/input_Sign in_q'

2019-03-04 13:14:35 - [MESSAGE][PASSED] - Text 'testingsearch ' is set on object 'Object Repository/Page_Google/input_Sign in_q'

2019-03-04 13:14:35 - [TEST_STEP][PASSED] - setText(findTestObject("Object Repository/Page_Google/input_testingsearch_q"), "testingsearch "): Text 'testingsearch ' is set on object 'Object Repository/Page_Google/input_testingsearch_q'

2019-03-04 13:14:35 - [MESSAGE][PASSED] - Text 'testingsearch ' is set on object 'Object Repository/Page_Google/input_testingsearch_q'

2019-03-04 13:14:35 - [TEST_STEP][PASSED] - click(findTestObject("Object Repository/Page_Google/input_Remove_btnK")): Object: 'Object Repository/Page_Google/input_Remove_btnK' is clicked on

2019-03-04 13:14:36 - [MESSAGE][PASSED] - Object: 'Object Repository/Page_Google/input_Remove_btnK' is clicked on

2019-03-04 13:14:36 - [TEST_STEP][PASSED] - closeBrowser(): Browser is closed

2019-03-04 13:14:37 - [MESSAGE][PASSED] - Browser is closed]]></system-out>
         <system-err><![CDATA[]]></system-err>
      </testcase>
      <testcase name="Test Cases/WEBUI_Demo/_DemoEval/AUT_Appointments/TC_MakeAppointment" classname="Test Cases/WEBUI_Demo/_DemoEval/AUT_Appointments/TC_MakeAppointment" status="PASSED">
         <system-out><![CDATA[2019-03-04 13:14:37 - [TEST_CASE][PASSED] - Test Cases/WEBUI_Demo/_DemoEval/AUT_Appointments/TC_MakeAppointment: Test Cases/WEBUI_Demo/_DemoEval/AUT_Appointments/TC_MakeAppointment

2019-03-04 13:14:37 - [TEST_STEP][PASSED] - callTestCase(findTestCase("WEBUI_Demo/_DemoEval/AUT_Appointments/TC_Login"), [:], STOP_ON_FAILURE): Call Test Case 'Test Cases/WEBUI_Demo/_DemoEval/AUT_Appointments/TC_Login' successfully

2019-03-04 13:14:37 - [TEST_CASE][PASSED] - Test Cases/WEBUI_Demo/_DemoEval/AUT_Appointments/TC_Login: Test Cases/WEBUI_Demo/_DemoEval/AUT_Appointments/TC_Login

2019-03-04 13:14:37 - [TEST_STEP][PASSED] - openBrowser(""): Browser is opened with url: ''

2019-03-04 13:14:37 - [MESSAGE][INFO] - Starting 'Chrome' driver

2019-03-04 13:14:38 - [MESSAGE][PASSED] - Browser is opened with url: ''

2019-03-04 13:14:38 - [TEST_STEP][PASSED] - navigateToUrl("https://katalon-demo-cura.herokuapp.com/"): Navigate to 'https://katalon-demo-cura.herokuapp.com/' successfully

2019-03-04 13:14:42 - [MESSAGE][PASSED] - Navigate to 'https://katalon-demo-cura.herokuapp.com/' successfully

2019-03-04 13:14:42 - [TEST_STEP][PASSED] - click(findTestObject("Object Repository/Page_CURA Healthcare Service/a_Make Appointment")): Object: 'Object Repository/Page_CURA Healthcare Service/a_Make Appointment' is clicked on

2019-03-04 13:14:42 - [MESSAGE][PASSED] - Object: 'Object Repository/Page_CURA Healthcare Service/a_Make Appointment' is clicked on

2019-03-04 13:14:42 - [TEST_STEP][PASSED] - setText(findTestObject("Object Repository/Page_CURA Healthcare Service/input_Username_username"), "John Doe"): Text 'John Doe' is set on object 'Object Repository/Page_CURA Healthcare Service/input_Username_username'

2019-03-04 13:14:42 - [MESSAGE][PASSED] - Text 'John Doe' is set on object 'Object Repository/Page_CURA Healthcare Service/input_Username_username'

2019-03-04 13:14:42 - [TEST_STEP][PASSED] - setEncryptedText(findTestObject("Object Repository/Page_CURA Healthcare Service/input_Password_password"), "g3/DOGG74jC3Flrr3yH+3D/yKbOqqUNM"): Text ****** has been set on object 'Object Repository/Page_CURA Healthcare Service/input_Password_password'

2019-03-04 13:14:42 - [MESSAGE][PASSED] - Text ****** has been set on object 'Object Repository/Page_CURA Healthcare Service/input_Password_password'

2019-03-04 13:14:42 - [TEST_STEP][PASSED] - click(findTestObject("Object Repository/Page_CURA Healthcare Service/button_Login")): Object: 'Object Repository/Page_CURA Healthcare Service/button_Login' is clicked on

2019-03-04 13:14:43 - [MESSAGE][PASSED] - Object: 'Object Repository/Page_CURA Healthcare Service/button_Login' is clicked on

2019-03-04 13:14:43 - [TEST_STEP][NOT_RUN] - closeBrowser(): NOT_RUN: closeBrowser()

2019-03-04 13:14:43 - [MESSAGE][NOT_RUN] - NOT_RUN: closeBrowser()

2019-03-04 13:14:43 - [MESSAGE][PASSED] - Call Test Case 'Test Cases/WEBUI_Demo/_DemoEval/AUT_Appointments/TC_Login' successfully

2019-03-04 13:14:43 - [TEST_STEP][PASSED] - selectOptionByValue(findTestObject("Object Repository/otherPage/select_Tokyo CURA Healthcare Center                            Hongkong CURA Healthcare Center                            Seoul CURA Healthcare Center"), "Hongkong CURA Healthcare Center", true): All options with value 'Hongkong CURA Healthcare Center' are selected in object 'Object Repository/otherPage/select_Tokyo CURA Healthcare Center                            Hongkong CURA Healthcare Center                            Seoul CURA Healthcare Center'  using regular expression

2019-03-04 13:14:43 - [MESSAGE][PASSED] - All options with value 'Hongkong CURA Healthcare Center' are selected in object 'Object Repository/otherPage/select_Tokyo CURA Healthcare Center                            Hongkong CURA Healthcare Center                            Seoul CURA Healthcare Center'  using regular expression

2019-03-04 13:14:43 - [TEST_STEP][PASSED] - click(findTestObject("Object Repository/otherPage/input_Apply for hospital readmission_hospital_readmission")): Object: 'Object Repository/otherPage/input_Apply for hospital readmission_hospital_readmission' is clicked on

2019-03-04 13:14:43 - [MESSAGE][PASSED] - Object: 'Object Repository/otherPage/input_Apply for hospital readmission_hospital_readmission' is clicked on

2019-03-04 13:14:43 - [TEST_STEP][PASSED] - click(findTestObject("Object Repository/otherPage/input_None_programs")): Object: 'Object Repository/otherPage/input_None_programs' is clicked on

2019-03-04 13:14:43 - [MESSAGE][PASSED] - Object: 'Object Repository/otherPage/input_None_programs' is clicked on

2019-03-04 13:14:43 - [TEST_STEP][PASSED] - click(findTestObject("Object Repository/otherPage/span_Visit Date (Required)_glyphicon glyphicon-calendar")): Object: 'Object Repository/otherPage/span_Visit Date (Required)_glyphicon glyphicon-calendar' is clicked on

2019-03-04 13:14:43 - [MESSAGE][PASSED] - Object: 'Object Repository/otherPage/span_Visit Date (Required)_glyphicon glyphicon-calendar' is clicked on

2019-03-04 13:14:43 - [TEST_STEP][PASSED] - click(findTestObject("Object Repository/otherPage/td_16")): Object: 'Object Repository/otherPage/td_16' is clicked on

2019-03-04 13:14:43 - [MESSAGE][PASSED] - Object: 'Object Repository/otherPage/td_16' is clicked on

2019-03-04 13:14:43 - [TEST_STEP][PASSED] - setText(findTestObject("Object Repository/otherPage/textarea_Comment_comment"), "Comment goes right here"): Text 'Comment goes right here' is set on object 'Object Repository/otherPage/textarea_Comment_comment'

2019-03-04 13:14:43 - [MESSAGE][PASSED] - Text 'Comment goes right here' is set on object 'Object Repository/otherPage/textarea_Comment_comment'

2019-03-04 13:14:43 - [TEST_STEP][PASSED] - click(findTestObject("Object Repository/otherPage/button_Book Appointment")): Object: 'Object Repository/otherPage/button_Book Appointment' is clicked on

2019-03-04 13:14:43 - [MESSAGE][PASSED] - Object: 'Object Repository/otherPage/button_Book Appointment' is clicked on

2019-03-04 13:14:43 - [TEST_STEP][PASSED] - delay(3): Delayed 3 second(s)

2019-03-04 13:14:46 - [MESSAGE][PASSED] - Delayed 3 second(s)

2019-03-04 13:14:46 - [TEST_STEP][PASSED] - closeBrowser(): Browser is closed

2019-03-04 13:14:47 - [MESSAGE][PASSED] - Browser is closed]]></system-out>
         <system-err><![CDATA[]]></system-err>
      </testcase>
      <system-out><![CDATA[2019-03-04 13:14:28 - [TEST_SUITE][FAILED] - TS_Smoke_XYZApp: Test Cases/API Testing/USER_API_TESTING/SingleUserDetails FAILED.
Reason:
com.kms.katalon.core.exception.StepFailedException: Expected element property value 'Wanda' is not equal with actual property value 'Janet'
	at com.kms.katalon.core.keyword.internal.KeywordMain.stepFailed(KeywordMain.groovy:48)
	at com.kms.katalon.core.webservice.keyword.builtin.VerifyElementPropertyValueKeyword$_verifyElementPropertyValue_closure1.doCall(VerifyElementPropertyValueKeyword.groovy:56)
	at com.kms.katalon.core.webservice.keyword.builtin.VerifyElementPropertyValueKeyword$_verifyElementPropertyValue_closure1.call(VerifyElementPropertyValueKeyword.groovy)
	at com.kms.katalon.core.keyword.internal.KeywordMain.runKeyword(KeywordMain.groovy:66)
	at com.kms.katalon.core.webservice.keyword.builtin.VerifyElementPropertyValueKeyword.verifyElementPropertyValue(VerifyElementPropertyValueKeyword.groovy:48)
	at com.kms.katalon.core.webservice.keyword.builtin.VerifyElementPropertyValueKeyword.execute(VerifyElementPropertyValueKeyword.groovy:43)
	at com.kms.katalon.core.keyword.internal.KeywordExecutor.executeKeywordForPlatform(KeywordExecutor.groovy:56)
	at com.kms.katalon.core.webservice.keyword.WSBuiltInKeywords.verifyElementPropertyValue(WSBuiltInKeywords.groovy:123)
	at com.kms.katalon.core.webservice.keyword.WSBuiltInKeywords$verifyElementPropertyValue$1.call(Unknown Source)
	at SingleUserDetails.run(SingleUserDetails:20)
	at com.kms.katalon.core.main.ScriptEngine.run(ScriptEngine.java:194)
	at com.kms.katalon.core.main.ScriptEngine.runScriptAsRawText(ScriptEngine.java:119)
	at com.kms.katalon.core.main.TestCaseExecutor.runScript(TestCaseExecutor.java:331)
	at com.kms.katalon.core.main.TestCaseExecutor.doExecute(TestCaseExecutor.java:322)
	at com.kms.katalon.core.main.TestCaseExecutor.processExecutionPhase(TestCaseExecutor.java:301)
	at com.kms.katalon.core.main.TestCaseExecutor.accessMainPhase(TestCaseExecutor.java:293)
	at com.kms.katalon.core.main.TestCaseExecutor.execute(TestCaseExecutor.java:227)
	at com.kms.katalon.core.main.TestSuiteExecutor.accessTestCaseMainPhase(TestSuiteExecutor.java:129)
	at com.kms.katalon.core.main.TestSuiteExecutor.accessTestSuiteMainPhase(TestSuiteExecutor.java:112)
	at com.kms.katalon.core.main.TestSuiteExecutor.execute(TestSuiteExecutor.java:81)
	at com.kms.katalon.core.main.TestCaseMain.startTestSuite(TestCaseMain.java:157)
	at com.kms.katalon.core.main.TestCaseMain$startTestSuite$0.call(Unknown Source)
	at TempTestSuite1551723266541.run(TempTestSuite1551723266541.groovy:35)]]></system-out>
      <system-err><![CDATA[2019-03-04 13:14:28 - [TEST_SUITE][FAILED] - TS_Smoke_XYZApp: Test Cases/API Testing/USER_API_TESTING/SingleUserDetails FAILED.
Reason:
com.kms.katalon.core.exception.StepFailedException: Expected element property value 'Wanda' is not equal with actual property value 'Janet'
	at com.kms.katalon.core.keyword.internal.KeywordMain.stepFailed(KeywordMain.groovy:48)
	at com.kms.katalon.core.webservice.keyword.builtin.VerifyElementPropertyValueKeyword$_verifyElementPropertyValue_closure1.doCall(VerifyElementPropertyValueKeyword.groovy:56)
	at com.kms.katalon.core.webservice.keyword.builtin.VerifyElementPropertyValueKeyword$_verifyElementPropertyValue_closure1.call(VerifyElementPropertyValueKeyword.groovy)
	at com.kms.katalon.core.keyword.internal.KeywordMain.runKeyword(KeywordMain.groovy:66)
	at com.kms.katalon.core.webservice.keyword.builtin.VerifyElementPropertyValueKeyword.verifyElementPropertyValue(VerifyElementPropertyValueKeyword.groovy:48)
	at com.kms.katalon.core.webservice.keyword.builtin.VerifyElementPropertyValueKeyword.execute(VerifyElementPropertyValueKeyword.groovy:43)
	at com.kms.katalon.core.keyword.internal.KeywordExecutor.executeKeywordForPlatform(KeywordExecutor.groovy:56)
	at com.kms.katalon.core.webservice.keyword.WSBuiltInKeywords.verifyElementPropertyValue(WSBuiltInKeywords.groovy:123)
	at com.kms.katalon.core.webservice.keyword.WSBuiltInKeywords$verifyElementPropertyValue$1.call(Unknown Source)
	at SingleUserDetails.run(SingleUserDetails:20)
	at com.kms.katalon.core.main.ScriptEngine.run(ScriptEngine.java:194)
	at com.kms.katalon.core.main.ScriptEngine.runScriptAsRawText(ScriptEngine.java:119)
	at com.kms.katalon.core.main.TestCaseExecutor.runScript(TestCaseExecutor.java:331)
	at com.kms.katalon.core.main.TestCaseExecutor.doExecute(TestCaseExecutor.java:322)
	at com.kms.katalon.core.main.TestCaseExecutor.processExecutionPhase(TestCaseExecutor.java:301)
	at com.kms.katalon.core.main.TestCaseExecutor.accessMainPhase(TestCaseExecutor.java:293)
	at com.kms.katalon.core.main.TestCaseExecutor.execute(TestCaseExecutor.java:227)
	at com.kms.katalon.core.main.TestSuiteExecutor.accessTestCaseMainPhase(TestSuiteExecutor.java:129)
	at com.kms.katalon.core.main.TestSuiteExecutor.accessTestSuiteMainPhase(TestSuiteExecutor.java:112)
	at com.kms.katalon.core.main.TestSuiteExecutor.execute(TestSuiteExecutor.java:81)
	at com.kms.katalon.core.main.TestCaseMain.startTestSuite(TestCaseMain.java:157)
	at com.kms.katalon.core.main.TestCaseMain$startTestSuite$0.call(Unknown Source)
	at TempTestSuite1551723266541.run(TempTestSuite1551723266541.groovy:35)]]></system-err>
   </testsuite>
</testsuites>
